2024-09-20 14:05:39 INFO  com.example.Main - Starting Main using Java 22.0.1 with PID 21408 (C:\Users\daviyu\Projects\multimodule\application\target\classes started by daviyu in C:\Users\daviyu\Projects\multimodule)
2024-09-20 14:05:39 DEBUG com.example.Main - Running with Spring Boot v3.3.4, Spring v6.1.13
2024-09-20 14:05:39 INFO  com.example.Main - No active profile set, falling back to 1 default profile: "default"
2024-09-20 14:05:41 INFO  o.s.b.w.e.tomcat.TomcatWebServer - Tomcat initialized with port 8080 (http)
2024-09-20 14:05:41 INFO  o.a.coyote.http11.Http11NioProtocol - Initializing ProtocolHandler ["http-nio-8080"]
2024-09-20 14:05:41 INFO  o.a.catalina.core.StandardService - Starting service [Tomcat]
2024-09-20 14:05:41 INFO  o.a.catalina.core.StandardEngine - Starting Servlet engine: [Apache Tomcat/10.1.30]
2024-09-20 14:05:41 INFO  o.a.c.c.C.[Tomcat].[localhost].[/] - Initializing Spring embedded WebApplicationContext
2024-09-20 14:05:41 INFO  o.s.b.w.s.c.ServletWebServerApplicationContext - Root WebApplicationContext: initialization completed in 1559 ms
2024-09-20 14:05:42 INFO  o.a.coyote.http11.Http11NioProtocol - Starting ProtocolHandler ["http-nio-8080"]
2024-09-20 14:05:42 INFO  o.s.b.w.e.tomcat.TomcatWebServer - Tomcat started on port 8080 (http) with context path '/'
2024-09-20 14:05:42 INFO  com.example.Main - Started Main in 3.352 seconds (process running for 3.828)
2024-09-20 14:05:48 INFO  o.a.c.c.C.[Tomcat].[localhost].[/] - Initializing Spring DispatcherServlet 'dispatcherServlet'
2024-09-20 14:05:48 INFO  o.s.web.servlet.DispatcherServlet - Initializing Servlet 'dispatcherServlet'
2024-09-20 14:05:48 INFO  o.s.web.servlet.DispatcherServlet - Completed initialization in 1 ms
2024-09-20 14:08:51 INFO  com.example.Main - Starting Main using Java 22.0.1 with PID 23116 (C:\Users\daviyu\Projects\multimodule\application\target\classes started by daviyu in C:\Users\daviyu\Projects\multimodule)
2024-09-20 14:08:51 DEBUG com.example.Main - Running with Spring Boot v3.3.4, Spring v6.1.13
2024-09-20 14:08:51 INFO  com.example.Main - No active profile set, falling back to 1 default profile: "default"
2024-09-20 14:08:52 INFO  o.s.b.w.e.tomcat.TomcatWebServer - Tomcat initialized with port 8080 (http)
2024-09-20 14:08:52 INFO  o.a.coyote.http11.Http11NioProtocol - Initializing ProtocolHandler ["http-nio-8080"]
2024-09-20 14:08:52 INFO  o.a.catalina.core.StandardService - Starting service [Tomcat]
2024-09-20 14:08:52 INFO  o.a.catalina.core.StandardEngine - Starting Servlet engine: [Apache Tomcat/10.1.30]
2024-09-20 14:08:52 INFO  o.a.c.c.C.[Tomcat].[localhost].[/] - Initializing Spring embedded WebApplicationContext
2024-09-20 14:08:52 INFO  o.s.b.w.s.c.ServletWebServerApplicationContext - Root WebApplicationContext: initialization completed in 1494 ms
2024-09-20 14:08:53 INFO  o.a.coyote.http11.Http11NioProtocol - Starting ProtocolHandler ["http-nio-8080"]
2024-09-20 14:08:53 INFO  o.s.b.w.e.tomcat.TomcatWebServer - Tomcat started on port 8080 (http) with context path '/'
2024-09-20 14:08:53 INFO  com.example.Main - Started Main in 3.381 seconds (process running for 3.83)
2024-09-20 14:09:01 INFO  o.a.c.c.C.[Tomcat].[localhost].[/] - Initializing Spring DispatcherServlet 'dispatcherServlet'
2024-09-20 14:09:01 INFO  o.s.web.servlet.DispatcherServlet - Initializing Servlet 'dispatcherServlet'
2024-09-20 14:09:01 INFO  o.s.web.servlet.DispatcherServlet - Completed initialization in 0 ms
2024-09-20 14:09:23 INFO  com.example.Main - Starting Main using Java 22.0.1 with PID 3984 (C:\Users\daviyu\Projects\multimodule\application\target\classes started by daviyu in C:\Users\daviyu\Projects\multimodule)
2024-09-20 14:09:23 INFO  com.example.Main - No active profile set, falling back to 1 default profile: "default"
2024-09-20 14:09:24 INFO  o.s.b.w.e.tomcat.TomcatWebServer - Tomcat initialized with port 8080 (http)
2024-09-20 14:09:24 INFO  o.a.coyote.http11.Http11NioProtocol - Initializing ProtocolHandler ["http-nio-8080"]
2024-09-20 14:09:24 INFO  o.a.catalina.core.StandardService - Starting service [Tomcat]
2024-09-20 14:09:24 INFO  o.a.catalina.core.StandardEngine - Starting Servlet engine: [Apache Tomcat/10.1.30]
2024-09-20 14:09:24 INFO  o.a.c.c.C.[Tomcat].[localhost].[/] - Initializing Spring embedded WebApplicationContext
2024-09-20 14:09:24 INFO  o.s.b.w.s.c.ServletWebServerApplicationContext - Root WebApplicationContext: initialization completed in 1442 ms
2024-09-20 14:09:25 INFO  o.a.coyote.http11.Http11NioProtocol - Starting ProtocolHandler ["http-nio-8080"]
2024-09-20 14:09:25 INFO  o.s.b.w.e.tomcat.TomcatWebServer - Tomcat started on port 8080 (http) with context path '/'
2024-09-20 14:09:25 INFO  com.example.Main - Started Main in 3.069 seconds (process running for 3.512)
2024-09-20 14:09:27 INFO  o.a.c.c.C.[Tomcat].[localhost].[/] - Initializing Spring DispatcherServlet 'dispatcherServlet'
2024-09-20 14:09:27 INFO  o.s.web.servlet.DispatcherServlet - Initializing Servlet 'dispatcherServlet'
2024-09-20 14:09:27 INFO  o.s.web.servlet.DispatcherServlet - Completed initialization in 1 ms
2024-09-20 14:09:50 INFO  com.example.Main - Starting Main using Java 22.0.1 with PID 25460 (C:\Users\daviyu\Projects\multimodule\application\target\classes started by daviyu in C:\Users\daviyu\Projects\multimodule)
2024-09-20 14:09:50 INFO  com.example.Main - No active profile set, falling back to 1 default profile: "default"
2024-09-20 14:09:51 INFO  o.s.b.w.e.tomcat.TomcatWebServer - Tomcat initialized with port 8080 (http)
2024-09-20 14:09:51 INFO  o.a.coyote.http11.Http11NioProtocol - Initializing ProtocolHandler ["http-nio-8080"]
2024-09-20 14:09:51 INFO  o.a.catalina.core.StandardService - Starting service [Tomcat]
2024-09-20 14:09:51 INFO  o.a.catalina.core.StandardEngine - Starting Servlet engine: [Apache Tomcat/10.1.30]
2024-09-20 14:09:51 INFO  o.a.c.c.C.[Tomcat].[localhost].[/] - Initializing Spring embedded WebApplicationContext
2024-09-20 14:09:51 INFO  o.s.b.w.s.c.ServletWebServerApplicationContext - Root WebApplicationContext: initialization completed in 1593 ms
2024-09-20 14:09:52 INFO  o.a.coyote.http11.Http11NioProtocol - Starting ProtocolHandler ["http-nio-8080"]
2024-09-20 14:09:52 INFO  o.s.b.w.e.tomcat.TomcatWebServer - Tomcat started on port 8080 (http) with context path '/'
2024-09-20 14:09:52 INFO  com.example.Main - Started Main in 3.251 seconds (process running for 3.729)
2024-09-20 14:09:54 INFO  o.a.c.c.C.[Tomcat].[localhost].[/] - Initializing Spring DispatcherServlet 'dispatcherServlet'
2024-09-20 14:09:54 INFO  o.s.web.servlet.DispatcherServlet - Initializing Servlet 'dispatcherServlet'
2024-09-20 14:09:54 INFO  o.s.web.servlet.DispatcherServlet - Completed initialization in 1 ms
